<?xml version="1.0" encoding="UTF-8"?>
<Site BuildName="Win32-ninja"
	BuildStamp="20240410-1232-Experimental"
	Name="DESKTOP-AR19LBC"
	Generator="ctest-3.20.21032501-MSVC_2"
	CompilerName="C:/msys64/ucrt64/bin/g++.exe"
	CompilerVersion="13.2.0"
	OSName="Windows"
	Hostname="DESKTOP-AR19LBC"
	OSRelease=" Personal"
	OSVersion=" (Build 19045)"
	OSPlatform="AMD64"
	Is64Bits="1"
	VendorString="GenuineIntel"
	VendorID="Intel Corporation"
	FamilyID="6"
	ModelID="14"
	ProcessorCacheSize="-1"
	NumberOfLogicalCPU="8"
	NumberOfPhysicalCPU="4"
	TotalVirtualMemory="15917"
	TotalPhysicalMemory="7981"
	LogicalProcessorsPerPhysical="2"
	ProcessorClockFrequency="2179"
	>
	<Testing>
		<StartDateTime>Apr 10 07:32 Central Daylight Time</StartDateTime>
		<StartTestTime>1712752349</StartTestTime>
		<TestList/>
		<EndDateTime>Apr 10 07:32 Central Daylight Time</EndDateTime>
		<EndTestTime>1712752349</EndTestTime>
		<ElapsedMinutes>0</ElapsedMinutes>
	</Testing>
</Site>
